[01:04:57] [main/INFO] (FabricLoader) Loading for game Minecraft 1.15.2
[01:04:58] [main/INFO] (Fabric|Loader) [FabricLoader] Loading 38 mods: minecraft@1.15.2, fabric-renderer-api-v1@0.2.10+f08b61330c, fabric-networking-blockentity-v0@0.2.3+e08a73050c, fabric-keybindings-v0@0.1.1+dfdb52d60c, fabric-command-api-v1@1.0.2+2aebb7ff0c, fabricloader@0.8.7+build.201, fabric-tool-attribute-api-v1@1.1.0+3e5587510c, fabric-renderer-indigo@0.2.23+9290e2ed0c, fabric-containers-v0@0.1.3+b7f9825d0c, fabric-object-builder-api-v1@1.2.1+e7a4edb30c, fabric-dimensions-v1@0.3.0+2ad156310c, fabric-biomes-v1@0.1.5+3b05f68e0c, fabric-events-interaction-v0@0.3.0+fac69e320c, fabric-crash-report-info-v1@0.1.2+b7f9825d0c, fabric-api-base@0.1.2+b7f9825d0c, fabric-rendering-v0@1.1.0+534104900c, fabric-rendering-v1@1.0.0+2a034f0a0c, fabric-rendering-data-attachment-v1@0.1.3+b7f9825d0c, fabric-resource-loader-v0@0.1.10+06c939b30c, fabric-textures-v0@1.0.4+821cdba70c, fabric-content-registries-v0@0.1.3+b7f9825d0c, fabric-tag-extensions-v0@0.1.3+abd915800c, fabric-rendering-fluids-v1@0.1.6+12515ed90c, fabric-commands-v0@0.2.0+2e0c4ff50c, fabric-registry-sync-v0@0.2.6+f3d8141b0c, fabric-blockrenderlayer-v1@1.1.4+c6a8ea890c, fabric-mining-levels-v0@0.1.2+ec951ea40c, fabric-renderer-registries-v1@2.0.1+5a0f9a600c, fabric-climbable-api-v1@1.0.0+6ffe71e20c, fabric-loot-tables-v1@0.1.5+e08a73050c, fabric-events-lifecycle-v0@0.1.2+003643510c, fabric@0.11.1+build.312-1.15, fabric-models-v0@0.1.0+dfdb52d60c, fabric-particles-v1@0.1.2+ad2f81bd0c, fabric-item-groups-v0@0.1.6+045efb460c, fabric-object-builders-v0@0.5.1+3e5587510c, fabric-networking-v0@0.1.7+003643510c, findyourway@${version}
[01:04:58] [main/WARN] (Fabric|Loader) Mod `findyourway` (${version}) does not respect SemVer - comparison support is limited.
[01:04:58] [main/INFO] (mixin) SpongePowered MIXIN Subsystem Version=0.8 Source=file:/C:/Users/Brenten/.gradle/caches/modules-2/files-2.1/net.fabricmc/sponge-mixin/0.8+build.18/af077ad2845a00cde186fa2c99c4dd32bd2a2766/sponge-mixin-0.8+build.18.jar Service=Knot/Fabric Env=CLIENT
[01:04:58] [main/INFO] (Fabric|MixinBootstrap) Loaded Fabric development mappings for mixin remapper!
[01:04:59] [main/INFO] (mixin) Remapping refMap fabric-networking-v0-refmap.json using remapper chain
[01:04:59] [main/INFO] (mixin) Remapping refMap fabric-networking-blockentity-v0-refmap.json using remapper chain
[01:04:59] [main/INFO] (mixin) Remapping refMap fabric-biomes-v1-refmap.json using remapper chain
[01:04:59] [main/INFO] (mixin) Remapping refMap fabric-containers-v0-refmap.json using remapper chain
[01:04:59] [main/INFO] (mixin) Remapping refMap fabric-renderer-indigo-refmap.json using remapper chain
[01:04:59] [main/INFO] (mixin) Remapping refMap fabric-rendering-data-attachment-v1-refmap.json using remapper chain
[01:04:59] [main/INFO] (mixin) Remapping refMap fabric-events-interaction-v0-refmap.json using remapper chain
[01:04:59] [main/INFO] (mixin) Remapping refMap fabric-loot-tables-v1-refmap.json using remapper chain
[01:04:59] [main/INFO] (mixin) Remapping refMap fabric-object-builder-api-v1-refmap.json using remapper chain
[01:04:59] [main/INFO] (mixin) Remapping refMap fabric-dimensions-v1-refmap.json using remapper chain
[01:04:59] [main/INFO] (mixin) Remapping refMap fabric-renderer-registries-v1-refmap.json using remapper chain
[01:04:59] [main/INFO] (mixin) Remapping refMap fabric-textures-v0-refmap.json using remapper chain
[01:04:59] [main/INFO] (mixin) Remapping refMap fabric-registry-sync-v0-refmap.json using remapper chain
[01:04:59] [main/INFO] (mixin) Remapping refMap fabric-models-v0-refmap.json using remapper chain
[01:04:59] [main/INFO] (mixin) Remapping refMap fabric-keybindings-v0-refmap.json using remapper chain
[01:04:59] [main/INFO] (mixin) Remapping refMap fabric-blockrenderlayer-v1-refmap.json using remapper chain
[01:04:59] [main/INFO] (mixin) Remapping refMap fabric-renderer-api-v1-refmap.json using remapper chain
[01:04:59] [main/INFO] (mixin) Remapping refMap fabric-containers-v0-refmap.json using remapper chain
[01:04:59] [main/INFO] (mixin) Remapping refMap fabric-events-lifecycle-v0-refmap.json using remapper chain
[01:04:59] [main/INFO] (mixin) Remapping refMap fabric-rendering-fluids-v1-refmap.json using remapper chain
[01:04:59] [main/INFO] (mixin) Remapping refMap fabric-resource-loader-v0-refmap.json using remapper chain
[01:04:59] [main/INFO] (mixin) Remapping refMap fabric-particles-v1-refmap.json using remapper chain
[01:04:59] [main/INFO] (mixin) Remapping refMap fabric-object-builders-refmap.json using remapper chain
[01:04:59] [main/INFO] (mixin) Remapping refMap fabric-tag-extensions-v0-refmap.json using remapper chain
[01:04:59] [main/INFO] (mixin) Remapping refMap fabric-tool-attribute-api-v1-refmap.json using remapper chain
[01:04:59] [main/INFO] (mixin) Remapping refMap fabric-rendering-v1-refmap.json using remapper chain
[01:04:59] [main/INFO] (mixin) Remapping refMap fabric-item-groups-v0-refmap.json using remapper chain
[01:04:59] [main/INFO] (mixin) Remapping refMap fabric-content-registries-v0-refmap.json using remapper chain
[01:04:59] [main/INFO] (mixin) Remapping refMap fabric-command-api-v1-refmap.json using remapper chain
[01:04:59] [main/INFO] (mixin) Remapping refMap fabric-crash-report-info-v1-refmap.json using remapper chain
[01:04:59] [main/INFO] (mixin) Remapping refMap fabric-renderer-api-v1-refmap.json using remapper chain
[01:04:59] [main/INFO] (mixin) Remapping refMap fabric-climbable-api-v1-refmap.json using remapper chain
[01:04:59] [main/WARN] (mixin) @Mixin target net/minecraft/server/world/ThreadedAnvilChunkStorage$EntityTracker is public in fabric-networking-v0.mixins.json:MixinEntityTracker and should be specified in value
[01:04:59] [main/WARN] (mixin) @Mixin target net/minecraft/client/render/block/BlockModelRenderer$AmbientOcclusionCalculator is public in fabric-renderer-indigo.mixins.json:MixinAmbientOcclusionCalculator and should be specified in value
[01:04:59] [main/WARN] (mixin) @Mixin target net/minecraft/client/render/chunk/ChunkBuilder$BuiltChunk$RebuildTask is public in fabric-renderer-indigo.mixins.json:MixinChunkRebuildTask and should be specified in value
[01:05:00] [main/INFO] (Minecraft) Setting user: Player534
[01:05:06] [main/INFO] (Indigo) [Indigo] Registering Indigo renderer!
[01:05:06] [main/INFO] (Minecraft) Backend library: LWJGL version 3.2.2 build 10
[01:05:11] [main/INFO] (Minecraft) Narrator library for x64 successfully loaded
[01:05:11] [main/INFO] (Minecraft) [STDOUT]: Splash text: null
[01:05:11] [main/INFO] (Minecraft) Reloading ResourceManager: Default, Fabric Renderer API (v1), Fabric Networking Block Entity (v0), Fabric Key Bindings (v0), Fabric Tool Attribute API (v1), Fabric Renderer - Indigo, Fabric Containers (v0), Fabric Object Builder API (v1), Fabric Biomes (v1), Fabric Events Interaction (v0), Fabric Crash Report Info (v1), Fabric API Base, Fabric Rendering (v0), Fabric Rendering (v1), Fabric Rendering Data Attachment (v1), Fabric Resource Loader (v0), Fabric Textures (v0), Fabric Content Registries (v0), Fabric Tag Extensions (v0), Fabric Rendering Fluids (v1), Fabric Registry Sync (v0), Fabric BlockRenderLayer Registration (v1), Fabric Mining Levels (v0), Fabric Renderer Registries (v1), Fabric Loot Tables (v1), Fabric Events Lifecycle (v0), Fabric API, Fabric Models (v0), Fabric Item Groups (v0), Fabric Object Builders (v0), Fabric Networking (v0), Find Your Way, Programmer Art
[01:05:13] [Realms Notification Availability checker #1/INFO] (Minecraft) Could not authorize you against Realms server: Invalid session id
[01:05:21] [main/INFO] (Minecraft) OpenAL initialized.
[01:05:21] [main/INFO] (Minecraft) Sound engine started
[01:05:21] [main/INFO] (Minecraft) Created: 1024x1024x4 minecraft:textures/atlas/blocks.png-atlas
[01:05:21] [main/INFO] (Minecraft) Created: 256x128x4 minecraft:textures/atlas/signs.png-atlas
[01:05:21] [main/INFO] (Minecraft) Created: 1024x512x4 minecraft:textures/atlas/banner_patterns.png-atlas
[01:05:21] [main/INFO] (Minecraft) Created: 1024x512x4 minecraft:textures/atlas/shield_patterns.png-atlas
[01:05:21] [main/INFO] (Minecraft) Created: 256x256x4 minecraft:textures/atlas/chest.png-atlas
[01:05:21] [main/INFO] (Minecraft) Created: 512x256x4 minecraft:textures/atlas/beds.png-atlas
[01:05:21] [main/INFO] (Minecraft) Created: 512x256x4 minecraft:textures/atlas/shulker_boxes.png-atlas
[01:05:22] [main/INFO] (Minecraft) Created: 256x256x0 minecraft:textures/atlas/particles.png-atlas
[01:05:22] [main/INFO] (Minecraft) Created: 256x256x0 minecraft:textures/atlas/paintings.png-atlas
[01:05:22] [main/INFO] (Minecraft) Created: 256x128x0 minecraft:textures/atlas/mob_effects.png-atlas
[01:05:22] [main/INFO] (Minecraft) [STDOUT]: Splash text: Hang out with your friends online!
[01:05:26] [main/INFO] (Minecraft) [fabric-registry-sync] Loaded registry data [file 1/4]
[01:05:26] [main/WARN] (Minecraft) Ambiguity between arguments [teleport, destination] and [teleport, targets] with inputs: [Player, 0123, @e, dd12be42-52a9-4a91-a8a1-11c01849e498]
[01:05:26] [main/WARN] (Minecraft) Ambiguity between arguments [teleport, location] and [teleport, destination] with inputs: [0.1 -0.5 .9, 0 0 0]
[01:05:26] [main/WARN] (Minecraft) Ambiguity between arguments [teleport, location] and [teleport, targets] with inputs: [0.1 -0.5 .9, 0 0 0]
[01:05:26] [main/WARN] (Minecraft) Ambiguity between arguments [teleport, targets] and [teleport, destination] with inputs: [Player, 0123, dd12be42-52a9-4a91-a8a1-11c01849e498]
[01:05:26] [main/WARN] (Minecraft) Ambiguity between arguments [teleport, targets, location] and [teleport, targets, destination] with inputs: [0.1 -0.5 .9, 0 0 0]
[01:05:26] [Server thread/INFO] (Minecraft) Starting integrated minecraft server version 1.15.2
[01:05:26] [Server thread/INFO] (Minecraft) Generating keypair
[01:05:27] [Server thread/INFO] (Minecraft) [fabric-registry-sync] Loaded registry data [file 1/4]
[01:05:27] [Server thread/INFO] (Minecraft) Reloading ResourceManager: Default, Fabric Tool Attribute API (v1)
[01:05:28] [Server thread/INFO] (Minecraft) Loaded 6 recipes
[01:05:28] [Server thread/INFO] (Minecraft) Loaded 825 advancements
[01:05:29] [Server thread/INFO] (Minecraft) Preparing start region for dimension minecraft:overworld
[01:05:30] [main/INFO] (Minecraft) Preparing spawn area: 0%
[01:05:30] [main/INFO] (Minecraft) Preparing spawn area: 0%
[01:05:30] [main/INFO] (Minecraft) Preparing spawn area: 0%
[01:05:30] [main/INFO] (Minecraft) Time elapsed: 1434 ms
[01:05:30] [Server thread/INFO] (Minecraft) Changing view distance to 11, from 10
[01:05:32] [Server thread/INFO] (Minecraft) Player534[local:E:0ae41590] logged in with entity id 26 at (481.69999998807907, 98.9771025422215, -1729.699999988079)
[01:05:32] [Server thread/INFO] (Minecraft) Player534 joined the game
[01:05:32] [Server thread/INFO] (Minecraft) Saving and pausing game...
[01:05:32] [Server thread/INFO] (Minecraft) Saving chunks for level 'New World'/minecraft:the_nether
[01:05:32] [Server thread/INFO] (Minecraft) Saving chunks for level 'New World'/minecraft:the_end
[01:05:32] [Server thread/INFO] (Minecraft) Saving chunks for level 'New World'/minecraft:overworld
[01:05:32] [main/INFO] (Minecraft) Loaded 0 advancements
[01:05:39] [Server thread/WARN] (Minecraft) Can't keep up! Is the server overloaded? Running 3703ms or 74 ticks behind
[01:06:00] [Server thread/INFO] (Minecraft) Saving and pausing game...
[01:06:00] [Server thread/INFO] (Minecraft) Saving chunks for level 'New World'/minecraft:the_nether
[01:06:00] [Server thread/INFO] (Minecraft) Saving chunks for level 'New World'/minecraft:the_end
[01:06:00] [Server thread/INFO] (Minecraft) Saving chunks for level 'New World'/minecraft:overworld
[01:06:01] [Server thread/INFO] (Minecraft) Player534 lost connection: Disconnected
[01:06:01] [Server thread/INFO] (Minecraft) Player534 left the game
[01:06:01] [Server thread/INFO] (Minecraft) Stopping singleplayer server as player logged out
[01:06:02] [Server thread/INFO] (Minecraft) Stopping server
[01:06:02] [Server thread/INFO] (Minecraft) Saving players
[01:06:02] [Server thread/INFO] (Minecraft) Saving worlds
[01:06:02] [Server thread/INFO] (Minecraft) Saving chunks for level 'New World'/minecraft:the_nether
[01:06:02] [Server thread/INFO] (Minecraft) ThreadedAnvilChunkStorage (DIM-1): All chunks are saved
[01:06:02] [Server thread/INFO] (Minecraft) Saving chunks for level 'New World'/minecraft:the_end
[01:06:02] [Server thread/INFO] (Minecraft) ThreadedAnvilChunkStorage (DIM1): All chunks are saved
[01:06:02] [Server thread/INFO] (Minecraft) Saving chunks for level 'New World'/minecraft:overworld
[01:06:03] [Server thread/INFO] (Minecraft) ThreadedAnvilChunkStorage (New World): All chunks are saved
[01:06:03] [Server thread/INFO] (Minecraft) ThreadedAnvilChunkStorage (DIM-1): All chunks are saved
[01:06:03] [Server thread/INFO] (Minecraft) ThreadedAnvilChunkStorage (DIM1): All chunks are saved
[01:06:03] [Server thread/INFO] (Minecraft) ThreadedAnvilChunkStorage (New World): All chunks are saved
[01:06:03] [main/INFO] (Minecraft) [STDOUT]: Splash text: Gamers unite – separately in your own homes!
[01:06:04] [main/INFO] (Minecraft) Stopping!
